===========================Started PC Tables Synchronization Session at 2019-06-11 17:37:52==============================
2019-06-11 17:37:52=>Executing script: SELECT TABLE_NAME  FROM INFORMATION_SCHEMA.TABLES where  table_type = 'BASE TABLE' AND TABLE_NAME LIKE 'reports_crystal_[0-9]%'  ORDER BY  SUBSTRING(TABLE_NAME, (CHARINDEX('ds_', TABLE_NAME)+3), LEN(TABLE_NAME))  ASC
2019-06-11 17:37:52=>Starting synchronization of the following  tables:
2019-06-11 17:37:52=>1. reports_crystal_1
2019-06-11 17:37:52=>2. reports_crystal_2
2019-06-11 17:37:52=>3. reports_crystal_2_old
2019-06-11 17:37:52=>4. reports_crystal_3
2019-06-11 17:37:58=>Reading file: C:\Users\Mobolaji.Aina\Documents\c_sharp\sync_pc_tables\sql\reports_crystal_2_sync_summary.txt
2019-06-11 17:37:58=>Result: -f C:\Users\Mobolaji.Aina\Documents\c_sharp\sync_pc_tables\sql\reports_crystal_2.sql

The replication table difference tool requires the comparison tables/views to have either a primary key, identity, rowguid or unique key column.
2019-06-11 17:37:58=>Reading file: C:\Users\Mobolaji.Aina\Documents\c_sharp\sync_pc_tables\sql\reports_crystal_3_sync_summary.txt
2019-06-11 17:37:58=>Result: -f C:\Users\Mobolaji.Aina\Documents\c_sharp\sync_pc_tables\sql\reports_crystal_3.sql

The replication table difference tool requires the comparison tables/views to have either a primary key, identity, rowguid or unique key column.
2019-06-11 17:37:58=>Running Merge script for table: reports_crystal_2
2019-06-11 17:37:58=>Running Merge script for table: reports_crystal_3
2019-06-11 17:37:58=>Executing script: SELECT COLUMN_NAME FROM INFORMATION_SCHEMA.COLUMNS  WHERE  TABLE_NAME = 'reports_crystal_2'
2019-06-11 17:37:58=>Executing script: SELECT COLUMN_NAME FROM INFORMATION_SCHEMA.COLUMNS  WHERE  TABLE_NAME = 'reports_crystal_3'
2019-06-11 17:37:58=>Reading file: C:\Users\Mobolaji.Aina\Documents\c_sharp\sync_pc_tables\sql\reports_crystal_1_sync_summary.txt
2019-06-11 17:37:58=>Result: -f C:\Users\Mobolaji.Aina\Documents\c_sharp\sync_pc_tables\sql\reports_crystal_1.sql

The replication table difference tool requires the comparison tables/views to have either a primary key, identity, rowguid or unique key column.
2019-06-11 17:37:58=>Running Merge script for table: reports_crystal_1
2019-06-11 17:37:58=>Executing script: SELECT COLUMN_NAME FROM INFORMATION_SCHEMA.COLUMNS  WHERE  TABLE_NAME = 'reports_crystal_1'
2019-06-11 17:37:58=>Reading file: C:\Users\Mobolaji.Aina\Documents\c_sharp\sync_pc_tables\sql\reports_crystal_2_old_sync_summary.txt
2019-06-11 17:37:58=>Result: Src. Only	2663	
Src. Only	2664	
The requested operation took 1.9800024 seconds.
