===========================Started PC Tables Synchronization Session at 2019-06-12 14:29:57==============================
2019-06-12 14:29:58=>Executing script: SELECT TABLE_NAME  FROM INFORMATION_SCHEMA.TABLES where  table_type = 'BASE TABLE' AND TABLE_NAME LIKE 'reports_crystal_[0-9]%'  ORDER BY  SUBSTRING(TABLE_NAME, (CHARINDEX('ds_', TABLE_NAME)+3), LEN(TABLE_NAME))  ASC
2019-06-12 14:29:58=>Starting synchronization of the following  tables:
2019-06-12 14:29:58=>1. reports_crystal_1
2019-06-12 14:29:58=>2. reports_crystal_2
2019-06-12 14:29:58=>3. reports_crystal_3
2019-06-12 14:29:58=>4. reports_crystal_4
2019-06-12 14:29:58=>5. reports_crystal_5
2019-06-12 14:29:58=>Current completed thread count: 0
2019-06-12 14:29:58=>Current running thread count: 5
2019-06-12 14:29:58=>Waiting for  5 seconds
2019-06-12 14:30:03=>Current completed thread count: 0
2019-06-12 14:30:03=>Current running thread count: 5
2019-06-12 14:30:03=>Waiting for  5 seconds
2019-06-12 14:30:04=>Reading file: C:\Users\Mobolaji.Aina\Documents\c_sharp\sync_pc_tables\sql\reports_crystal_1_sync_summary.txt
2019-06-12 14:30:04=>Result: -f C:\Users\Mobolaji.Aina\Documents\c_sharp\sync_pc_tables\sql\reports_crystal_1.sql

The replication table difference tool requires the comparison tables/views to have either a primary key, identity, rowguid or unique key column.
2019-06-12 14:30:04=>Running Merge script for table: reports_crystal_1
2019-06-12 14:30:04=>Executing script: SELECT COLUMN_NAME FROM INFORMATION_SCHEMA.COLUMNS  WHERE  TABLE_NAME = 'reports_crystal_1'
2019-06-12 14:30:04=>Reading file: C:\Users\Mobolaji.Aina\Documents\c_sharp\sync_pc_tables\sql\reports_crystal_5_sync_summary.txt
2019-06-12 14:30:04=>Result: -f C:\Users\Mobolaji.Aina\Documents\c_sharp\sync_pc_tables\sql\reports_crystal_5.sql

The replication table difference tool requires the comparison tables/views to have either a primary key, identity, rowguid or unique key column.
2019-06-12 14:30:04=>Running Merge script for table: reports_crystal_5
2019-06-12 14:30:04=>Executing script: SELECT COLUMN_NAME FROM INFORMATION_SCHEMA.COLUMNS  WHERE  TABLE_NAME = 'reports_crystal_5'
2019-06-12 14:30:04=>Reading file: C:\Users\Mobolaji.Aina\Documents\c_sharp\sync_pc_tables\sql\reports_crystal_4_sync_summary.txt
2019-06-12 14:30:04=>Result: 
Table [crystal].[dbo].[reports_crystal_4] on ISW-SPO-MA1 and Table [test_db].[dbo].[reports_crystal_4] on ISW-SPO-MA1 are identical.
The requested operation took 0.7100002 seconds.
2019-06-12 14:30:04=>Reading file: C:\Users\Mobolaji.Aina\Documents\c_sharp\sync_pc_tables\sql\reports_crystal_3_sync_summary.txt
2019-06-12 14:30:04=>Result: -f C:\Users\Mobolaji.Aina\Documents\c_sharp\sync_pc_tables\sql\reports_crystal_3.sql

The replication table difference tool requires the comparison tables/views to have either a primary key, identity, rowguid or unique key column.
2019-06-12 14:30:04=>Running Merge script for table: reports_crystal_3
2019-06-12 14:30:04=>Executing script: SELECT COLUMN_NAME FROM INFORMATION_SCHEMA.COLUMNS  WHERE  TABLE_NAME = 'reports_crystal_3'
2019-06-12 14:30:05=>Reading file: C:\Users\Mobolaji.Aina\Documents\c_sharp\sync_pc_tables\sql\reports_crystal_2_sync_summary.txt
2019-06-12 14:30:05=>Result: -f C:\Users\Mobolaji.Aina\Documents\c_sharp\sync_pc_tables\sql\reports_crystal_2.sql

The replication table difference tool requires the comparison tables/views to have either a primary key, identity, rowguid or unique key column.
2019-06-12 14:30:05=>Running Merge script for table: reports_crystal_2
2019-06-12 14:30:05=>Executing script: SELECT COLUMN_NAME FROM INFORMATION_SCHEMA.COLUMNS  WHERE  TABLE_NAME = 'reports_crystal_2'
